c:\users\hassan\desktop\programs\visual studio 2017\source\dicom2 project\opengl_on_a_windows_formneil\opengl_on_a_windows_form\debug\opengl_on_a_windows_form.pch
c:\users\hassan\desktop\programs\visual studio 2017\source\dicom2 project\opengl_on_a_windows_formneil\opengl_on_a_windows_form\debug\vc141.pdb
c:\users\hassan\desktop\programs\visual studio 2017\source\dicom2 project\opengl_on_a_windows_formneil\opengl_on_a_windows_form\debug\stdafx.obj
c:\users\hassan\desktop\programs\visual studio 2017\source\dicom2 project\opengl_on_a_windows_formneil\opengl_on_a_windows_form\debug\opengl_on_a_windows_form.obj
c:\users\hassan\desktop\programs\visual studio 2017\source\dicom2 project\opengl_on_a_windows_formneil\opengl_on_a_windows_form\debug\assemblyinfo.obj
c:\users\hassan\desktop\programs\visual studio 2017\source\dicom2 project\opengl_on_a_windows_formneil\opengl_on_a_windows_form\debug\.netframework,version=v4.0.assemblyattributes.obj
c:\users\hassan\desktop\programs\visual studio 2017\source\dicom2 project\opengl_on_a_windows_formneil\opengl_on_a_windows_form\debug\.netframework,version=v4.0.assemblyattributes.asm
c:\users\hassan\desktop\programs\visual studio 2017\source\dicom2 project\opengl_on_a_windows_formneil\opengl_on_a_windows_form\debug\opengl_on_a_windows_form.exe
c:\users\hassan\desktop\programs\visual studio 2017\source\dicom2 project\opengl_on_a_windows_formneil\opengl_on_a_windows_form\debug\opengl_on_a_windows_form.pdb
c:\users\hassan\desktop\programs\visual studio 2017\source\dicom2 project\opengl_on_a_windows_formneil\opengl_on_a_windows_form\debug\opengl_on_a_windows_form.form1.resources
c:\users\hassan\desktop\programs\visual studio 2017\source\dicom2 project\opengl_on_a_windows_formneil\opengl_on_a_windows_form\debug\app.res
c:\users\hassan\desktop\programs\visual studio 2017\source\dicom2 project\opengl_on_a_windows_formneil\opengl_on_a_windows_form\debug\opengl_on_a_windows_form.vcxproj.generateresource.cache
c:\users\hassan\desktop\programs\visual studio 2017\source\dicom2 project\opengl_on_a_windows_formneil\opengl_on_a_windows_form\debug\opengl_on_a_windows_form.vcxprojresolveassemblyreference.cache
c:\users\hassan\desktop\programs\visual studio 2017\source\dicom2 project\opengl_on_a_windows_formneil\opengl_on_a_windows_form\debug\opengl_on_a_windows_form.exe.metagen
c:\users\hassan\desktop\programs\visual studio 2017\source\dicom2 project\opengl_on_a_windows_formneil\opengl_on_a_windows_form\debug\opengl_o.d4e3ab88.tlog\cl.command.1.tlog
c:\users\hassan\desktop\programs\visual studio 2017\source\dicom2 project\opengl_on_a_windows_formneil\opengl_on_a_windows_form\debug\opengl_o.d4e3ab88.tlog\cl.read.1.tlog
c:\users\hassan\desktop\programs\visual studio 2017\source\dicom2 project\opengl_on_a_windows_formneil\opengl_on_a_windows_form\debug\opengl_o.d4e3ab88.tlog\cl.write.1.tlog
c:\users\hassan\desktop\programs\visual studio 2017\source\dicom2 project\opengl_on_a_windows_formneil\opengl_on_a_windows_form\debug\opengl_o.d4e3ab88.tlog\link.command.1.tlog
c:\users\hassan\desktop\programs\visual studio 2017\source\dicom2 project\opengl_on_a_windows_formneil\opengl_on_a_windows_form\debug\opengl_o.d4e3ab88.tlog\link.read.1.tlog
c:\users\hassan\desktop\programs\visual studio 2017\source\dicom2 project\opengl_on_a_windows_formneil\opengl_on_a_windows_form\debug\opengl_o.d4e3ab88.tlog\link.write.1.tlog
c:\users\hassan\desktop\programs\visual studio 2017\source\dicom2 project\opengl_on_a_windows_formneil\opengl_on_a_windows_form\debug\opengl_o.d4e3ab88.tlog\metagen.read.1.tlog
c:\users\hassan\desktop\programs\visual studio 2017\source\dicom2 project\opengl_on_a_windows_formneil\opengl_on_a_windows_form\debug\opengl_o.d4e3ab88.tlog\metagen.write.1.tlog
c:\users\hassan\desktop\programs\visual studio 2017\source\dicom2 project\opengl_on_a_windows_formneil\opengl_on_a_windows_form\debug\opengl_o.d4e3ab88.tlog\opengl_on_a_windows_form.write.1u.tlog
c:\users\hassan\desktop\programs\visual studio 2017\source\dicom2 project\opengl_on_a_windows_formneil\opengl_on_a_windows_form\debug\opengl_o.d4e3ab88.tlog\rc.command.1.tlog
c:\users\hassan\desktop\programs\visual studio 2017\source\dicom2 project\opengl_on_a_windows_formneil\opengl_on_a_windows_form\debug\opengl_o.d4e3ab88.tlog\rc.read.1.tlog
c:\users\hassan\desktop\programs\visual studio 2017\source\dicom2 project\opengl_on_a_windows_formneil\opengl_on_a_windows_form\debug\opengl_o.d4e3ab88.tlog\rc.write.1.tlog
c:\users\hassan\desktop\programs\visual studio 2017\source\dicom2 project\opengl_on_a_windows_formneil\opengl_on_a_windows_form\debug\opengl_o.d4e3ab88.tlog\tzres.dll.bi
